1501177990794	geckodriver	INFO	Listening on 127.0.0.1:56345
1501177991714	mozprofile::profile	INFO	Using profile path /var/folders/8x/2z15qqtj6fjbmbdq2b_jvv2h0000gn/T/rust_mozprofile.Z94kbtpvkPRj
1501177991721	geckodriver::marionette	INFO	Starting browser /Applications/Firefox.app/Contents/MacOS/firefox-bin
1501177991784	geckodriver::marionette	INFO	Connecting to Marionette on localhost:56354
1501177993386	Marionette	WARN	Deprecated preference marionette.defaultPrefs.enabled detected, please use marionette.enabled
1501177995947	Marionette	INFO	Listening on port 56354
1501177996385	Marionette	DEBUG	loaded listener.js
1501177996459	Marionette	DEBUG	Received DOM event "beforeunload" for "about:blank"
2017-07-27 19:53:16.501 plugin-container[7177:534071] *** CFMessagePort: bootstrap_register(): failed 1100 (0x44c) 'Permission denied', port = 0x963b, name = 'com.apple.tsm.portname'
See /usr/include/servers/bootstrap_defs.h for the error codes.
2017-07-27 19:53:16.505 plugin-container[7177:534071] *** CFMessagePort: bootstrap_register(): failed 1100 (0x44c) 'Permission denied', port = 0x9903, name = 'com.apple.CFPasteboardClient'
See /usr/include/servers/bootstrap_defs.h for the error codes.
1501177996528	Marionette	DEBUG	Received DOM event "beforeunload" for "about:blank"
1501177996537	Marionette	DEBUG	Received DOM event "pagehide" for "about:blank"
1501177996538	Marionette	DEBUG	Received DOM event "unload" for "about:blank"
1501177996608	Marionette	DEBUG	Received DOM event "DOMContentLoaded" for "about:neterror?e=connectionFailure&u=http%3A//localhost%3A8000/&c=UTF-8&f=regular&d=Firefox%20kan%20inte%20uppr%C3%A4tta%20en%20anslutning%20till%20servern%20p%C3%A5%20localhost%3A8000."
1501178200070	geckodriver	INFO	Listening on 127.0.0.1:56475
1501178201022	mozprofile::profile	INFO	Using profile path /var/folders/8x/2z15qqtj6fjbmbdq2b_jvv2h0000gn/T/rust_mozprofile.pgcPtTG131Z8
1501178201024	geckodriver::marionette	INFO	Starting browser /Applications/Firefox.app/Contents/MacOS/firefox-bin
1501178201029	geckodriver::marionette	INFO	Connecting to Marionette on localhost:56484
1501178201577	Marionette	WARN	Deprecated preference marionette.defaultPrefs.enabled detected, please use marionette.enabled
1501178203564	Marionette	INFO	Listening on port 56484
1501178203931	Marionette	DEBUG	loaded listener.js
1501178203966	Marionette	DEBUG	Received DOM event "beforeunload" for "about:blank"
2017-07-27 19:56:44.046 plugin-container[7223:535963] *** CFMessagePort: bootstrap_register(): failed 1100 (0x44c) 'Permission denied', port = 0x962f, name = 'com.apple.tsm.portname'
See /usr/include/servers/bootstrap_defs.h for the error codes.
2017-07-27 19:56:44.051 plugin-container[7223:535963] *** CFMessagePort: bootstrap_register(): failed 1100 (0x44c) 'Permission denied', port = 0x9903, name = 'com.apple.CFPasteboardClient'
See /usr/include/servers/bootstrap_defs.h for the error codes.
1501178204063	Marionette	DEBUG	Received DOM event "pagehide" for "about:blank"
1501178204063	Marionette	DEBUG	Received DOM event "unload" for "about:blank"
1501178204077	Marionette	DEBUG	Received DOM event "DOMContentLoaded" for "http://localhost:8000/"
1501178204111	Marionette	DEBUG	Received DOM event "pageshow" for "http://localhost:8000/"
*************************
A coding exception was thrown and uncaught in a Task.

Full message: TypeError: NetworkError when attempting to fetch resource.
Full stack: 
*************************
1501178845777	geckodriver	INFO	Listening on 127.0.0.1:56685
1501178846685	mozprofile::profile	INFO	Using profile path /var/folders/8x/2z15qqtj6fjbmbdq2b_jvv2h0000gn/T/rust_mozprofile.3Zp69Bted7Db
1501178846688	geckodriver::marionette	INFO	Starting browser /Applications/Firefox.app/Contents/MacOS/firefox-bin
1501178846698	geckodriver::marionette	INFO	Connecting to Marionette on localhost:56694
1501178847343	Marionette	WARN	Deprecated preference marionette.defaultPrefs.enabled detected, please use marionette.enabled
1501178849209	Marionette	INFO	Listening on port 56694
1501178849573	Marionette	DEBUG	loaded listener.js
1501178849611	Marionette	DEBUG	Received DOM event "beforeunload" for "about:blank"
1501178849658	Marionette	DEBUG	Received DOM event "pagehide" for "about:blank"
1501178849659	Marionette	DEBUG	Received DOM event "unload" for "about:blank"
1501178849670	Marionette	DEBUG	Received DOM event "DOMContentLoaded" for "http://localhost:8000/"
1501178849723	Marionette	DEBUG	Received DOM event "pageshow" for "http://localhost:8000/"
2017-07-27 20:07:29.800 plugin-container[7332:540569] *** CFMessagePort: bootstrap_register(): failed 1100 (0x44c) 'Permission denied', port = 0x963b, name = 'com.apple.tsm.portname'
See /usr/include/servers/bootstrap_defs.h for the error codes.
2017-07-27 20:07:29.806 plugin-container[7332:540569] *** CFMessagePort: bootstrap_register(): failed 1100 (0x44c) 'Permission denied', port = 0x9903, name = 'com.apple.CFPasteboardClient'
See /usr/include/servers/bootstrap_defs.h for the error codes.
*************************
A coding exception was thrown and uncaught in a Task.

Full message: TypeError: NetworkError when attempting to fetch resource.
Full stack: 
*************************
1501178872056	geckodriver	INFO	Listening on 127.0.0.1:56768
1501178873008	mozprofile::profile	INFO	Using profile path /var/folders/8x/2z15qqtj6fjbmbdq2b_jvv2h0000gn/T/rust_mozprofile.OU0Pj5Tnoux4
1501178873009	geckodriver::marionette	INFO	Starting browser /Applications/Firefox.app/Contents/MacOS/firefox-bin
1501178873019	geckodriver::marionette	INFO	Connecting to Marionette on localhost:56774
1501178873651	Marionette	WARN	Deprecated preference marionette.defaultPrefs.enabled detected, please use marionette.enabled
1501178875636	Marionette	INFO	Listening on port 56774
1501178876032	Marionette	DEBUG	loaded listener.js
1501178876072	Marionette	DEBUG	Received DOM event "beforeunload" for "about:blank"
1501178876112	Marionette	DEBUG	Received DOM event "pagehide" for "about:blank"
1501178876112	Marionette	DEBUG	Received DOM event "unload" for "about:blank"
1501178876122	Marionette	DEBUG	Received DOM event "DOMContentLoaded" for "http://localhost:8000/"
1501178876167	Marionette	DEBUG	Received DOM event "pageshow" for "http://localhost:8000/"
2017-07-27 20:07:56.235 plugin-container[7346:541001] *** CFMessagePort: bootstrap_register(): failed 1100 (0x44c) 'Permission denied', port = 0x953b, name = 'com.apple.tsm.portname'
See /usr/include/servers/bootstrap_defs.h for the error codes.
2017-07-27 20:07:56.240 plugin-container[7346:541001] *** CFMessagePort: bootstrap_register(): failed 1100 (0x44c) 'Permission denied', port = 0x9803, name = 'com.apple.CFPasteboardClient'
See /usr/include/servers/bootstrap_defs.h for the error codes.
2017-07-27 20:08:02.629 plugin-container[7347:541120] *** CFMessagePort: bootstrap_register(): failed 1100 (0x44c) 'Permission denied', port = 0x952f, name = 'com.apple.tsm.portname'
See /usr/include/servers/bootstrap_defs.h for the error codes.
2017-07-27 20:08:02.632 plugin-container[7347:541120] *** CFMessagePort: bootstrap_register(): failed 1100 (0x44c) 'Permission denied', port = 0x9803, name = 'com.apple.CFPasteboardClient'
See /usr/include/servers/bootstrap_defs.h for the error codes.
2017-07-27 20:08:04.386 plugin-container[7350:541188] *** CFMessagePort: bootstrap_register(): failed 1100 (0x44c) 'Permission denied', port = 0x943b, name = 'com.apple.tsm.portname'
See /usr/include/servers/bootstrap_defs.h for the error codes.
2017-07-27 20:08:04.387 plugin-container[7350:541188] *** CFMessagePort: bootstrap_register(): failed 1100 (0x44c) 'Permission denied', port = 0x9703, name = 'com.apple.CFPasteboardClient'
See /usr/include/servers/bootstrap_defs.h for the error codes.
JavaScript error: resource://gre/components/nsUrlClassifierListManager.js, line 287: NS_ERROR_NOT_INITIALIZED: Component returned failure code: 0xc1f30001 (NS_ERROR_NOT_INITIALIZED) [nsIUrlClassifierDBService.getTables]
JavaScript error: resource://gre/components/nsUrlClassifierListManager.js, line 287: NS_ERROR_NOT_INITIALIZED: Component returned failure code: 0xc1f30001 (NS_ERROR_NOT_INITIALIZED) [nsIUrlClassifierDBService.getTables]
1501178885140	Marionette	INFO	Ceased listening
JavaScript error: resource://gre/components/nsUrlClassifierListManager.js, line 287: NS_ERROR_NOT_INITIALIZED: Component returned failure code: 0xc1f30001 (NS_ERROR_NOT_INITIALIZED) [nsIUrlClassifierDBService.getTables]
JavaScript error: resource://gre/components/nsUrlClassifierListManager.js, line 287: NS_ERROR_NOT_INITIALIZED: Component returned failure code: 0xc1f30001 (NS_ERROR_NOT_INITIALIZED) [nsIUrlClassifierDBService.getTables]
1501178887253	Marionette	INFO	Ceased listening
2017-07-27 20:08:08.432 plugin-container[7353:541324] *** CFMessagePort: bootstrap_register(): failed 1100 (0x44c) 'Permission denied', port = 0x953b, name = 'com.apple.tsm.portname'
See /usr/include/servers/bootstrap_defs.h for the error codes.
2017-07-27 20:08:08.433 plugin-container[7353:541324] *** CFMessagePort: bootstrap_register(): failed 1100 (0x44c) 'Permission denied', port = 0x9803, name = 'com.apple.CFPasteboardClient'
See /usr/include/servers/bootstrap_defs.h for the error codes.
JavaScript error: resource://gre/components/nsUrlClassifierListManager.js, line 287: NS_ERROR_NOT_INITIALIZED: Component returned failure code: 0xc1f30001 (NS_ERROR_NOT_INITIALIZED) [nsIUrlClassifierDBService.getTables]
JavaScript error: resource://gre/components/nsUrlClassifierListManager.js, line 287: NS_ERROR_NOT_INITIALIZED: Component returned failure code: 0xc1f30001 (NS_ERROR_NOT_INITIALIZED) [nsIUrlClassifierDBService.getTables]
1501178889053	Marionette	INFO	Ceased listening
2017-07-27 20:08:10.658 plugin-container[7356:541392] *** CFMessagePort: bootstrap_register(): failed 1100 (0x44c) 'Permission denied', port = 0x943b, name = 'com.apple.tsm.portname'
See /usr/include/servers/bootstrap_defs.h for the error codes.
2017-07-27 20:08:10.659 plugin-container[7356:541392] *** CFMessagePort: bootstrap_register(): failed 1100 (0x44c) 'Permission denied', port = 0x9703, name = 'com.apple.CFPasteboardClient'
See /usr/include/servers/bootstrap_defs.h for the error codes.
JavaScript error: resource://gre/components/nsUrlClassifierListManager.js, line 287: NS_ERROR_NOT_INITIALIZED: Component returned failure code: 0xc1f30001 (NS_ERROR_NOT_INITIALIZED) [nsIUrlClassifierDBService.getTables]
JavaScript error: resource://gre/components/nsUrlClassifierListManager.js, line 287: NS_ERROR_NOT_INITIALIZED: Component returned failure code: 0xc1f30001 (NS_ERROR_NOT_INITIALIZED) [nsIUrlClassifierDBService.getTables]
1501178891275	Marionette	INFO	Ceased listening
1501178894061	geckodriver	INFO	Listening on 127.0.0.1:56855
1501178895018	mozprofile::profile	INFO	Using profile path /var/folders/8x/2z15qqtj6fjbmbdq2b_jvv2h0000gn/T/rust_mozprofile.poTwbsk5b2fA
1501178895020	geckodriver::marionette	INFO	Starting browser /Applications/Firefox.app/Contents/MacOS/firefox-bin
1501178895027	geckodriver::marionette	INFO	Connecting to Marionette on localhost:56864
1501178895620	Marionette	WARN	Deprecated preference marionette.defaultPrefs.enabled detected, please use marionette.enabled
1501178897460	Marionette	INFO	Listening on port 56864
1501178897823	Marionette	DEBUG	loaded listener.js
1501178897858	Marionette	DEBUG	Received DOM event "beforeunload" for "about:blank"
1501178897908	Marionette	DEBUG	Received DOM event "pagehide" for "about:blank"
1501178897908	Marionette	DEBUG	Received DOM event "unload" for "about:blank"
1501178897917	Marionette	DEBUG	Received DOM event "DOMContentLoaded" for "http://localhost:8000/"
1501178897956	Marionette	DEBUG	Received DOM event "pageshow" for "http://localhost:8000/"
2017-07-27 20:08:18.007 plugin-container[7364:541597] *** CFMessagePort: bootstrap_register(): failed 1100 (0x44c) 'Permission denied', port = 0x953b, name = 'com.apple.tsm.portname'
See /usr/include/servers/bootstrap_defs.h for the error codes.
2017-07-27 20:08:18.009 plugin-container[7364:541597] *** CFMessagePort: bootstrap_register(): failed 1100 (0x44c) 'Permission denied', port = 0x9903, name = 'com.apple.CFPasteboardClient'
See /usr/include/servers/bootstrap_defs.h for the error codes.
1501179149811	geckodriver	INFO	Listening on 127.0.0.1:56975
1501179150772	mozprofile::profile	INFO	Using profile path /var/folders/8x/2z15qqtj6fjbmbdq2b_jvv2h0000gn/T/rust_mozprofile.k9LAkHPLqDCK
1501179150774	geckodriver::marionette	INFO	Starting browser /Applications/Firefox.app/Contents/MacOS/firefox-bin
1501179150779	geckodriver::marionette	INFO	Connecting to Marionette on localhost:56981
1501179151271	Marionette	WARN	Deprecated preference marionette.defaultPrefs.enabled detected, please use marionette.enabled
1501179152962	Marionette	INFO	Listening on port 56981
1501179153313	Marionette	DEBUG	loaded listener.js
1501179153348	Marionette	DEBUG	Received DOM event "beforeunload" for "about:blank"
1501179153393	Marionette	DEBUG	Received DOM event "pagehide" for "about:blank"
1501179153393	Marionette	DEBUG	Received DOM event "unload" for "about:blank"
1501179153402	Marionette	DEBUG	Received DOM event "DOMContentLoaded" for "http://localhost:8000/"
1501179153438	Marionette	DEBUG	Received DOM event "pageshow" for "http://localhost:8000/"
2017-07-27 20:12:33.497 plugin-container[7412:543854] *** CFMessagePort: bootstrap_register(): failed 1100 (0x44c) 'Permission denied', port = 0x953b, name = 'com.apple.tsm.portname'
See /usr/include/servers/bootstrap_defs.h for the error codes.
2017-07-27 20:12:33.502 plugin-container[7412:543854] *** CFMessagePort: bootstrap_register(): failed 1100 (0x44c) 'Permission denied', port = 0x9803, name = 'com.apple.CFPasteboardClient'
See /usr/include/servers/bootstrap_defs.h for the error codes.
1501179153524	Marionette	INFO	New connections will no longer be accepted
[GFX1-]: Receive IPC close with reason=AbnormalShutdown
*************************
A coding exception was thrown and uncaught in a Task.

Full message: TypeError: NetworkError when attempting to fetch resource.
Full stack: 
*************************
1501181789553	geckodriver	INFO	Listening on 127.0.0.1:57721
1501181790494	mozprofile::profile	INFO	Using profile path /var/folders/8x/2z15qqtj6fjbmbdq2b_jvv2h0000gn/T/rust_mozprofile.ycnzmNTLlBoT
1501181790504	geckodriver::marionette	INFO	Starting browser /Applications/Firefox.app/Contents/MacOS/firefox-bin
1501181790509	geckodriver::marionette	INFO	Connecting to Marionette on localhost:57727
1501181791191	Marionette	WARN	Deprecated preference marionette.defaultPrefs.enabled detected, please use marionette.enabled
1501181793359	Marionette	INFO	Listening on port 57727
1501181793713	Marionette	DEBUG	loaded listener.js
1501181793783	Marionette	DEBUG	Received DOM event "beforeunload" for "about:blank"
2017-07-27 20:56:33.824 plugin-container[7773:564551] *** CFMessagePort: bootstrap_register(): failed 1100 (0x44c) 'Permission denied', port = 0x963b, name = 'com.apple.tsm.portname'
See /usr/include/servers/bootstrap_defs.h for the error codes.
2017-07-27 20:56:33.825 plugin-container[7773:564551] *** CFMessagePort: bootstrap_register(): failed 1100 (0x44c) 'Permission denied', port = 0x9903, name = 'com.apple.CFPasteboardClient'
See /usr/include/servers/bootstrap_defs.h for the error codes.
1501181793910	Marionette	DEBUG	Received DOM event "pagehide" for "about:blank"
1501181793910	Marionette	DEBUG	Received DOM event "unload" for "about:blank"
1501181794051	Marionette	DEBUG	Received DOM event "DOMContentLoaded" for "http://localhost:8000/"
1501181794061	Marionette	DEBUG	Received DOM event "pageshow" for "http://localhost:8000/"
1501181794123	Marionette	INFO	New connections will no longer be accepted
1501181816635	geckodriver	INFO	Listening on 127.0.0.1:57801
1501181817578	mozprofile::profile	INFO	Using profile path /var/folders/8x/2z15qqtj6fjbmbdq2b_jvv2h0000gn/T/rust_mozprofile.icebhjIEIv5k
1501181817580	geckodriver::marionette	INFO	Starting browser /Applications/Firefox.app/Contents/MacOS/firefox-bin
1501181817584	geckodriver::marionette	INFO	Connecting to Marionette on localhost:57814
1501181818124	Marionette	WARN	Deprecated preference marionette.defaultPrefs.enabled detected, please use marionette.enabled
1501181820075	Marionette	INFO	Listening on port 57814
1501181820465	Marionette	DEBUG	loaded listener.js
1501181820502	Marionette	DEBUG	Received DOM event "beforeunload" for "about:blank"
2017-07-27 20:57:00.574 plugin-container[7788:565409] *** CFMessagePort: bootstrap_register(): failed 1100 (0x44c) 'Permission denied', port = 0x963b, name = 'com.apple.tsm.portname'
See /usr/include/servers/bootstrap_defs.h for the error codes.
2017-07-27 20:57:00.575 plugin-container[7788:565409] *** CFMessagePort: bootstrap_register(): failed 1100 (0x44c) 'Permission denied', port = 0x9903, name = 'com.apple.CFPasteboardClient'
See /usr/include/servers/bootstrap_defs.h for the error codes.
1501181820640	Marionette	DEBUG	Received DOM event "pagehide" for "about:blank"
1501181820640	Marionette	DEBUG	Received DOM event "unload" for "about:blank"
1501181820782	Marionette	DEBUG	Received DOM event "DOMContentLoaded" for "http://localhost:8000/"
1501181820843	Marionette	DEBUG	Received DOM event "pageshow" for "http://localhost:8000/"
1501181820889	Marionette	INFO	New connections will no longer be accepted
1501181899206	geckodriver	INFO	Listening on 127.0.0.1:57893
1501181900150	mozprofile::profile	INFO	Using profile path /var/folders/8x/2z15qqtj6fjbmbdq2b_jvv2h0000gn/T/rust_mozprofile.ag2Ya18fV5py
1501181900152	geckodriver::marionette	INFO	Starting browser /Applications/Firefox.app/Contents/MacOS/firefox-bin
1501181900156	geckodriver::marionette	INFO	Connecting to Marionette on localhost:57902
1501181900731	Marionette	WARN	Deprecated preference marionette.defaultPrefs.enabled detected, please use marionette.enabled
1501181902509	Marionette	INFO	Listening on port 57902
1501181902863	Marionette	DEBUG	loaded listener.js
1501181902894	Marionette	WARN	Using deprecated data structure for setting timeouts
1501181902926	Marionette	DEBUG	Received DOM event "beforeunload" for "about:blank"
2017-07-27 20:58:22.959 plugin-container[7808:566702] *** CFMessagePort: bootstrap_register(): failed 1100 (0x44c) 'Permission denied', port = 0x943b, name = 'com.apple.tsm.portname'
See /usr/include/servers/bootstrap_defs.h for the error codes.
2017-07-27 20:58:22.961 plugin-container[7808:566702] *** CFMessagePort: bootstrap_register(): failed 1100 (0x44c) 'Permission denied', port = 0x9803, name = 'com.apple.CFPasteboardClient'
See /usr/include/servers/bootstrap_defs.h for the error codes.
1501181903009	Marionette	DEBUG	Received DOM event "pagehide" for "about:blank"
1501181903009	Marionette	DEBUG	Received DOM event "unload" for "about:blank"
1501181903155	Marionette	DEBUG	Received DOM event "DOMContentLoaded" for "http://localhost:8000/"
1501181903207	Marionette	DEBUG	Received DOM event "pageshow" for "http://localhost:8000/"
1501181903254	Marionette	INFO	New connections will no longer be accepted
[GFX1-]: Receive IPC close with reason=AbnormalShutdown
1501182887838	geckodriver	INFO	Listening on 127.0.0.1:58091
1501182888706	mozprofile::profile	INFO	Using profile path /var/folders/8x/2z15qqtj6fjbmbdq2b_jvv2h0000gn/T/rust_mozprofile.KFvfqsIZR1fQ
1501182888708	geckodriver::marionette	INFO	Starting browser /Applications/Firefox.app/Contents/MacOS/firefox-bin
1501182888717	geckodriver::marionette	INFO	Connecting to Marionette on localhost:58100
1501182889394	Marionette	WARN	Deprecated preference marionette.defaultPrefs.enabled detected, please use marionette.enabled
1501182891698	Marionette	INFO	Listening on port 58100
1501182892120	Marionette	DEBUG	loaded listener.js
1501182892156	Marionette	WARN	Using deprecated data structure for setting timeouts
1501182892213	Marionette	DEBUG	Received DOM event "beforeunload" for "about:blank"
2017-07-27 21:14:52.254 plugin-container[7861:572931] *** CFMessagePort: bootstrap_register(): failed 1100 (0x44c) 'Permission denied', port = 0x963b, name = 'com.apple.tsm.portname'
See /usr/include/servers/bootstrap_defs.h for the error codes.
2017-07-27 21:14:52.260 plugin-container[7861:572931] *** CFMessagePort: bootstrap_register(): failed 1100 (0x44c) 'Permission denied', port = 0x9a03, name = 'com.apple.CFPasteboardClient'
See /usr/include/servers/bootstrap_defs.h for the error codes.
1501182892355	Marionette	DEBUG	Received DOM event "pagehide" for "about:blank"
1501182892355	Marionette	DEBUG	Received DOM event "unload" for "about:blank"
1501182892520	Marionette	DEBUG	Received DOM event "DOMContentLoaded" for "http://localhost:8000/"
1501182892576	Marionette	DEBUG	Received DOM event "pageshow" for "http://localhost:8000/"
1501182892623	Marionette	INFO	New connections will no longer be accepted
[GFX1-]: Receive IPC close with reason=AbnormalShutdown
